Thu Apr 05 2018 15:25:32 GMT+0530 (IST): GET /about
Thu Apr 05 2018 15:26:11 GMT+0530 (IST): GET /intro
Thu Apr 05 2018 15:26:27 GMT+0530 (IST): GET /about
Thu Apr 05 2018 15:26:32 GMT+0530 (IST): GET /intro
Thu Apr 05 2018 15:28:02 GMT+0530 (IST): GET /
Thu Apr 05 2018 15:28:10 GMT+0530 (IST): GET /about
Thu Apr 05 2018 15:28:15 GMT+0530 (IST): GET /about
Thu Apr 05 2018 15:42:07 GMT+0530 (IST): GET /about
Thu Apr 05 2018 15:42:30 GMT+0530 (IST): GET /
Thu Apr 05 2018 15:50:56 GMT+0530 (IST): GET /
Thu Apr 05 2018 15:51:05 GMT+0530 (IST): GET /about
Thu Apr 05 2018 15:55:15 GMT+0530 (IST): GET /
Thu Apr 05 2018 16:00:00 GMT+0530 (IST): GET /
Thu Apr 05 2018 16:00:12 GMT+0530 (IST): GET /about
Thu Apr 05 2018 16:00:18 GMT+0530 (IST): GET /intro
Thu Apr 05 2018 16:00:36 GMT+0530 (IST): GET /maintenance
Thu Apr 05 2018 16:02:36 GMT+0530 (IST): GET /
Thu Apr 05 2018 16:08:42 GMT+0530 (IST): GET /help
Fri Apr 06 2018 12:38:32 GMT+0530 (IST): GET /favicon.ico
Fri Apr 06 2018 12:38:32 GMT+0530 (IST): GET /favicon.ico
Fri Apr 06 2018 12:38:36 GMT+0530 (IST): GET /
Fri Apr 06 2018 12:38:40 GMT+0530 (IST): GET /about
Fri Apr 06 2018 12:38:45 GMT+0530 (IST): GET /intro
Fri Apr 06 2018 12:39:20 GMT+0530 (IST): GET /intro
